<?xml version="1.0" encoding="UTF-8"?>
<testsuite xmlns:xsi="http://www.w3.org/2001/XMLSchema-instance" xsi:noNamespaceSchemaLocation="https://maven.apache.org/surefire/maven-surefire-plugin/xsd/surefire-test-report.xsd" name="ch.heigvd.cld.lab.HelloAppEngineTest" time="0.397" tests="2" errors="0" skipped="0" failures="0">
  <properties>
    <property name="sun.desktop" value="windows"/>
    <property name="awt.toolkit" value="sun.awt.windows.WToolkit"/>
    <property name="java.specification.version" value="11"/>
    <property name="sun.cpu.isalist" value="amd64"/>
    <property name="sun.jnu.encoding" value="Cp1252"/>
    <property name="java.class.path" value="C:\Users\MyPc\AppData\Local\JetBrains\Toolbox\apps\IDEA-U\ch-0\232.10227.8\plugins\maven\lib\maven3\boot\plexus-classworlds-2.7.0.jar;C:\Users\MyPc\AppData\Local\JetBrains\Toolbox\apps\IDEA-U\ch-0\232.10227.8\plugins\maven\lib\maven3\boot\plexus-classworlds.license"/>
    <property name="java.vm.vendor" value="Microsoft"/>
    <property name="sun.arch.data.model" value="64"/>
    <property name="user.variant" value=""/>
    <property name="java.vendor.url" value="https://www.microsoft.com"/>
    <property name="user.timezone" value="Europe/Berlin"/>
    <property name="maven.conf" value="C:\Users\MyPc\AppData\Local\JetBrains\Toolbox\apps\IDEA-U\ch-0\232.10227.8\plugins\maven\lib\maven3/conf"/>
    <property name="os.name" value="Windows 10"/>
    <property name="java.vm.specification.version" value="11"/>
    <property name="sun.java.launcher" value="SUN_STANDARD"/>
    <property name="user.country" value="CH"/>
    <property name="sun.boot.library.path" value="C:\Program Files\Microsoft\jdk-11.0.12.7-hotspot\bin"/>
    <property name="sun.java.command" value="org.codehaus.classworlds.Launcher -Didea.version=2023.2.5 package"/>
    <property name="jdk.debug" value="release"/>
    <property name="maven.home" value="C:\Users\MyPc\AppData\Local\JetBrains\Toolbox\apps\IDEA-U\ch-0\232.10227.8\plugins\maven\lib\maven3"/>
    <property name="sun.cpu.endian" value="little"/>
    <property name="user.home" value="C:\Users\MyPc"/>
    <property name="user.language" value="fr"/>
    <property name="java.specification.vendor" value="Oracle Corporation"/>
    <property name="java.version.date" value="2021-07-20"/>
    <property name="java.home" value="C:\Program Files\Microsoft\jdk-11.0.12.7-hotspot"/>
    <property name="file.separator" value="\"/>
    <property name="java.vm.compressedOopsMode" value="Zero based"/>
    <property name="line.separator" value="&#10;"/>
    <property name="java.specification.name" value="Java Platform API Specification"/>
    <property name="java.vm.specification.vendor" value="Oracle Corporation"/>
    <property name="java.awt.graphicsenv" value="sun.awt.Win32GraphicsEnvironment"/>
    <property name="user.script" value=""/>
    <property name="sun.management.compiler" value="HotSpot 64-Bit Tiered Compilers"/>
    <property name="java.runtime.version" value="11.0.12+7"/>
    <property name="user.name" value="MyPc"/>
    <property name="path.separator" value=";"/>
    <property name="os.version" value="10.0"/>
    <property name="java.runtime.name" value="OpenJDK Runtime Environment"/>
    <property name="file.encoding" value="UTF-8"/>
    <property name="guice.disable.misplaced.annotation.check" value="true"/>
    <property name="java.vm.name" value="OpenJDK 64-Bit Server VM"/>
    <property name="java.vendor.version" value="Microsoft-25199"/>
    <property name="maven.ext.class.path" value="C:\Users\MyPc\AppData\Local\JetBrains\Toolbox\apps\IDEA-U\ch-0\232.10227.8\plugins\maven\lib\maven-event-listener.jar"/>
    <property name="java.vendor.url.bug" value="https://github.com/microsoft/openjdk/issues"/>
    <property name="java.io.tmpdir" value="C:\Users\MyPc\AppData\Local\Temp\"/>
    <property name="idea.version" value="2023.2.5"/>
    <property name="java.version" value="11.0.12"/>
    <property name="user.dir" value="D:\HEIG_FILES\semestre06\06-CLD\Labos\Labo04\cld-gae"/>
    <property name="os.arch" value="amd64"/>
    <property name="maven.multiModuleProjectDirectory" value="D:\HEIG_FILES\semestre06\06-CLD\Labos\Labo04\cld-gae"/>
    <property name="jansi.passthrough" value="true"/>
    <property name="java.vm.specification.name" value="Java Virtual Machine Specification"/>
    <property name="java.awt.printerjob" value="sun.awt.windows.WPrinterJob"/>
    <property name="sun.os.patch.level" value=""/>
    <property name="java.library.path" value="C:\Program Files\Microsoft\jdk-11.0.12.7-hotspot\bin;C:\Windows\Sun\Java\bin;C:\Windows\system32;C:\Windows;C:\Program Files\Eclipse Adoptium\jdk-17.0.8.101-hotspot\bin;D:\HEIG_FILES\semestre04\VMWare\bin\;C:\Program Files\Microsoft\jdk-11.0.12.7-hotspot\bin;C:\Program Files\Eclipse Foundation\jdk-8.0.302.8-hotspot\bin;C:\Windows\system32;C:\Windows;C:\Windows\System32\Wbem;C:\Windows\System32\WindowsPowerShell\v1.0\;C:\Windows\System32\OpenSSH\;C:\Program Files\mingw64\bin;C:\Program Files\JetBrains\CLion 2021.2.2\bin;D:\PROG\cURL\curl-8.1.2_3-win64-mingw\bin;D:\APPLICATIONS\apache-maven-3.9.4\bin;;C:\Program Files\Docker\Docker\resources\bin;C:\Program Files\Microsoft SQL Server\150\Tools\Binn\;C:\Program Files\Microsoft SQL Server\Client SDK\ODBC\170\Tools\Binn\;C:\Program Files\dotnet\;D:\APPLICATIONS\nodejs\;C:\Users\MyPc\AppData\Local\Microsoft\WindowsApps;D:\APPLICATIONS\gitkraken\bin;C:\Users\MyPc\AppData\Local\Programs\Python\Python310;C:\Users\MyPc\AppData\Local\Programs\Python\Python310\Scripts;C:\Users\MyPc\AppData\Local\Programs\Microsoft VS Code\bin;C:\Users\MyPc\.dotnet\tools;C:\Users\MyPc\AppData\Local\JetBrains\Toolbox\scripts;C:\Users\MyPc\AppData\Local\GitHubDesktop\bin;C:\Users\MyPc\AppData\Local\Programs\Python\Python39;C:\Users\MyPc\AppData\Local\Programs\Python\Python39\Scripts;C:\Users\MyPc\.dotnet\tools;C:\Users\MyPc\AppData\Roaming\npm;D:\ghcup\bin;D:\APPLICATIONS\Google\CloudSDK\google-cloud-sdk\bin;."/>
    <property name="java.vm.info" value="mixed mode"/>
    <property name="java.vendor" value="Microsoft"/>
    <property name="java.vm.version" value="11.0.12+7"/>
    <property name="classworlds.conf" value="C:\Users\MyPc\AppData\Local\JetBrains\Toolbox\apps\IDEA-U\ch-0\232.10227.8\plugins\maven\lib\maven3\bin\m2.conf"/>
    <property name="sun.io.unicode.encoding" value="UnicodeLittle"/>
    <property name="java.class.version" value="55.0"/>
  </properties>
  <testcase name="doGet_writesResponse" classname="ch.heigvd.cld.lab.HelloAppEngineTest" time="0.238"/>
  <testcase name="HelloInfo_test" classname="ch.heigvd.cld.lab.HelloAppEngineTest" time="0.019"/>
</testsuite>